stdClass Object
(
    [lists] => Array
        (
            [0] => stdClass Object
                (
                    [id] => becfdf7b92
                    [web_id] => 655189
                    [name] => Rose Rive Way Watercolor
                    [contact] => stdClass Object
                        (
                            [company] => Anna Carter
                            [address1] => 353 WEAVER RD
                            [address2] => 
                            [city] => MORGANTOWN
                            [state] => Pennsylvania
                            [zip] => 19543
                            [country] => US
                            [phone] => 6127491610
                        )

                    [permission_reminder] => You were subscribed to the newsletter from RoseRiverWay Studio                
                    [use_archive_bar] => 1
                    [campaign_defaults] => stdClass Object
                        (
                            [from_name] => Rose River Way Studio
                            [from_email] => roseriverway@outlook.com
                            [subject] => Subscribed! :)
                            [language] => en
                        )

                    [notify_on_subscribe] => 
                    [notify_on_unsubscribe] => 
                    [date_created] => 2020-04-08T21:07:38+00:00
                    [list_rating] => 3
                    [email_type_option] => 1
                    [subscribe_url_short] => http://eepurl.com/g3-cRD
                    [subscribe_url_long] => https://wixsite.us19.list-manage.com/subscribe?u=cee2366ee1983ee7259da5c28&id=becfdf7b92
                    [beamer_address] => us19-3f9f82f707-5030ab5da8@inbound.mailchimp.com
                    [visibility] => pub
                    [double_optin] => 
                    [has_welcome] => 1
                    [marketing_permissions] => 
                    [modules] => Array
                        (
                        )

                    [stats] => stdClass Object
                        (
                            [member_count] => 124
                            [unsubscribe_count] => 11
                            [cleaned_count] => 3
                            [member_count_since_send] => 0
                            [unsubscribe_count_since_send] => 0
                            [cleaned_count_since_send] => 0
                            [campaign_count] => 117
                            [campaign_last_sent] => 2022-10-25T12:58:21+00:00
                            [merge_field_count] => 5
                            [avg_sub_rate] => 2
                            [avg_unsub_rate] => 0
                            [target_sub_rate] => 0
                            [open_rate] => 48.163507109005
                            [click_rate] => 9.6879643387816
                            [last_sub_date] => 2022-10-25T12:57:42+00:00
                            [last_unsub_date] => 2022-10-08T01:31:58+00:00
                        )

                    [_links] => Array
                        (
                            [0] => stdClass Object
                                (
                                    [rel] => self
                                    [href] => https://us19.api.mailchimp.com/3.0/lists/becfdf7b92
                                    [method] => GET
                                    [targetSchema] => https://us19.api.mailchimp.com/schema/3.0/Definitions/Lists/Response.json
                                )

                            [1] => stdClass Object
                                (
                                    [rel] => parent
                                    [href] => https://us19.api.mailchimp.com/3.0/lists
                                    [method] => GET
                                    [targetSchema] => https://us19.api.mailchimp.com/schema/3.0/Definitions/Lists/CollectionResponse.json
                                    [schema] => https://us19.api.mailchimp.com/schema/3.0/Paths/Lists/Collection.json
                                )

                            [2] => stdClass Object
                                (
                                    [rel] => update
                                    [href] => https://us19.api.mailchimp.com/3.0/lists/becfdf7b92
                                    [method] => PATCH
                                    [targetSchema] => https://us19.api.mailchimp.com/schema/3.0/Definitions/Lists/Response.json
                                    [schema] => https://us19.api.mailchimp.com/schema/3.0/Definitions/Lists/PATCH.json
                                )

                            [3] => stdClass Object
                                (
                                    [rel] => batch-sub-unsub-members
                                    [href] => https://us19.api.mailchimp.com/3.0/lists/becfdf7b92
                                    [method] => POST
                                    [targetSchema] => https://us19.api.mailchimp.com/schema/3.0/Definitions/Lists/BatchPOST-Response.json
                                    [schema] => https://us19.api.mailchimp.com/schema/3.0/Definitions/Lists/BatchPOST.json
                                )

                            [4] => stdClass Object
                                (
                                    [rel] => delete
                                    [href] => https://us19.api.mailchimp.com/3.0/lists/becfdf7b92
                                    [method] => DELETE
                                )

                            [5] => stdClass Object
                                (
                                    [rel] => abuse-reports
                                    [href] => https://us19.api.mailchimp.com/3.0/lists/becfdf7b92/abuse-reports
                                    [method] => GET
                                    [targetSchema] => https://us19.api.mailchimp.com/schema/3.0/Definitions/Lists/Abuse/CollectionResponse.json
                                    [schema] => https://us19.api.mailchimp.com/schema/3.0/Paths/Lists/Abuse/Collection.json
                                )

                            [6] => stdClass Object
                                (
                                    [rel] => activity
                                    [href] => https://us19.api.mailchimp.com/3.0/lists/becfdf7b92/activity
                                    [method] => GET
                                    [targetSchema] => https://us19.api.mailchimp.com/schema/3.0/Definitions/Lists/Activity/Response.json
                                )

                            [7] => stdClass Object
                                (
                                    [rel] => clients
                                    [href] => https://us19.api.mailchimp.com/3.0/lists/becfdf7b92/clients
                                    [method] => GET
                                    [targetSchema] => https://us19.api.mailchimp.com/schema/3.0/Definitions/Lists/Clients/Response.json
                                )

                            [8] => stdClass Object
                                (
                                    [rel] => growth-history
                                    [href] => https://us19.api.mailchimp.com/3.0/lists/becfdf7b92/growth-history
                                    [method] => GET
                                    [targetSchema] => https://us19.api.mailchimp.com/schema/3.0/Definitions/Lists/Growth/CollectionResponse.json
                                    [schema] => https://us19.api.mailchimp.com/schema/3.0/Paths/Lists/Growth/Collection.json
                                )

                            [9] => stdClass Object
                                (
                                    [rel] => interest-categories
                                    [href] => https://us19.api.mailchimp.com/3.0/lists/becfdf7b92/interest-categories
                                    [method] => GET
                                    [targetSchema] => https://us19.api.mailchimp.com/schema/3.0/Definitions/Lists/InterestCategories/CollectionResponse.json
                                    [schema] => https://us19.api.mailchimp.com/schema/3.0/Paths/Lists/InterestCategories/Collection.json
                                )

                            [10] => stdClass Object
                                (
                                    [rel] => members
                                    [href] => https://us19.api.mailchimp.com/3.0/lists/becfdf7b92/members
                                    [method] => GET
                                    [targetSchema] => https://us19.api.mailchimp.com/schema/3.0/Definitions/Lists/Members/CollectionResponse.json
                                    [schema] => https://us19.api.mailchimp.com/schema/3.0/Paths/Lists/Members/Collection.json
                                )

                            [11] => stdClass Object
                                (
                                    [rel] => merge-fields
                                    [href] => https://us19.api.mailchimp.com/3.0/lists/becfdf7b92/merge-fields
                                    [method] => GET
                                    [targetSchema] => https://us19.api.mailchimp.com/schema/3.0/Definitions/Lists/MergeFields/CollectionResponse.json
                                    [schema] => https://us19.api.mailchimp.com/schema/3.0/Paths/Lists/MergeFields/Collection.json
                                )

                            [12] => stdClass Object
                                (
                                    [rel] => segments
                                    [href] => https://us19.api.mailchimp.com/3.0/lists/becfdf7b92/segments
                                    [method] => GET
                                    [targetSchema] => https://us19.api.mailchimp.com/schema/3.0/Definitions/Lists/Segments/CollectionResponse.json
                                    [schema] => https://us19.api.mailchimp.com/schema/3.0/Paths/Lists/Segments/Collection.json
                                )

                            [13] => stdClass Object
                                (
                                    [rel] => webhooks
                                    [href] => https://us19.api.mailchimp.com/3.0/lists/becfdf7b92/webhooks
                                    [method] => GET
                                    [targetSchema] => https://us19.api.mailchimp.com/schema/3.0/Definitions/Lists/Webhooks/CollectionResponse.json
                                    [schema] => https://us19.api.mailchimp.com/schema/3.0/Paths/Lists/Webhooks/Collection.json
                                )

                            [14] => stdClass Object
                                (
                                    [rel] => signup-forms
                                    [href] => https://us19.api.mailchimp.com/3.0/lists/becfdf7b92/signup-forms
                                    [method] => GET
                                    [targetSchema] => https://us19.api.mailchimp.com/schema/3.0/Definitions/Lists/SignupForms/CollectionResponse.json
                                    [schema] => https://us19.api.mailchimp.com/schema/3.0/Paths/Lists/SignupForms/Collection.json
                                )

                            [15] => stdClass Object
                                (
                                    [rel] => locations
                                    [href] => https://us19.api.mailchimp.com/3.0/lists/becfdf7b92/locations
                                    [method] => GET
                                    [targetSchema] => https://us19.api.mailchimp.com/schema/3.0/Definitions/Lists/Locations/CollectionResponse.json
                                    [schema] => https://us19.api.mailchimp.com/schema/3.0/Paths/Lists/Locations/Collection.json
                                )

                        )

                )

        )

    [total_items] => 1
    [constraints] => stdClass Object
        (
            [may_create] => 
            [max_instances] => 1
            [current_total_instances] => 1
        )

    [_links] => Array
        (
            [0] => stdClass Object
                (
                    [rel] => self
                    [href] => https://us19.api.mailchimp.com/3.0/lists
                    [method] => GET
                    [targetSchema] => https://us19.api.mailchimp.com/schema/3.0/Definitions/Lists/CollectionResponse.json
                    [schema] => https://us19.api.mailchimp.com/schema/3.0/Paths/Lists/Collection.json
                )

            [1] => stdClass Object
                (
                    [rel] => create
                    [href] => https://us19.api.mailchimp.com/3.0/lists
                    [method] => POST
                    [targetSchema] => https://us19.api.mailchimp.com/schema/3.0/Definitions/Lists/Response.json
                    [schema] => https://us19.api.mailchimp.com/schema/3.0/Definitions/Lists/POST.json
                )

        )

)
